<?xml version="1.0" encoding="UTF-8"?>
<!-- Generated by org.testng.reporters.JUnitXMLReporter -->
<testsuite ignored="0" hostname="LAPTOP-4TKVB702" failures="0" tests="4" name="Test case" time="43.272" errors="0" timestamp="2022-06-11T17:00:46 IST">
  <testcase classname="LoginTestCases.BothCorrect" name="loginWithCorrectUsernameandPassword" time="16.307"/>
  <testcase classname="LoginTestCases.BothIncorrect" name="loginWithInCorrectUsernameandPassword" time="10.652"/>
  <testcase classname="LoginTestCases.CorrectPassword" name="loginWithCorrectPassword" time="7.929"/>
  <testcase classname="LoginTestCases.CorrectUsername" name="loginWithCorrectUsername" time="8.324"/>
</testsuite> <!-- Test case -->
