<?xml version="1.0" encoding="UTF-8"?>
<!-- Generated by org.testng.reporters.JUnitXMLReporter -->
<testsuite ignored="0" hostname="LAPTOP-4TKVB702" failures="0" tests="4" name="Default test" time="21.718" errors="0" timestamp="2022-06-11T20:37:16 IST">
  <testcase classname="LoginTestCases.Login" name="loginWithCorrectUsernameandPassword" time="8.621"/>
  <testcase classname="LoginTestCases.Login" name="loginWithCorrectUsernameandPassword" time="3.097"/>
  <testcase classname="LoginTestCases.Login" name="loginWithCorrectUsernameandPassword" time="2.023"/>
  <testcase classname="LoginTestCases.Login" name="loginWithCorrectUsernameandPassword" time="2.066"/>
</testsuite> <!-- Default test -->
