<?xml version="1.0" encoding="UTF-8"?>
<testng-results ignored="0" total="4" passed="4" failed="0" skipped="0">
  <reporter-output>
  </reporter-output>
  <suite started-at="2022-06-11T20:36:55 IST" name="Default suite" finished-at="2022-06-11T20:37:16 IST" duration-ms="21718">
    <groups>
    </groups>
    <test started-at="2022-06-11T20:36:55 IST" name="Default test" finished-at="2022-06-11T20:37:16 IST" duration-ms="21718">
      <class name="LoginTestCases.Login">
        <test-method is-config="true" signature="wbDriver()[pri:0, instance:LoginTestCases.Login@50ad3bc1]" started-at="2022-06-11T20:36:55 IST" name="wbDriver" finished-at="2022-06-11T20:36:56 IST" duration-ms="1746" status="PASS">
          <reporter-output>
          </reporter-output>
        </test-method> <!-- wbDriver -->
        <test-method signature="loginWithCorrectUsernameandPassword(java.lang.String,java.lang.String)[pri:0, instance:LoginTestCases.Login@50ad3bc1]" started-at="2022-06-11T20:37:00 IST" name="loginWithCorrectUsernameandPassword" data-provider="Login Data" finished-at="2022-06-11T20:37:09 IST" duration-ms="8621" status="PASS">
          <params>
            <param index="0">
              <value>
                <![CDATA[Admin34]]>
              </value>
            </param>
            <param index="1">
              <value>
                <![CDATA[admin123]]>
              </value>
            </param>
          </params>
          <reporter-output>
          </reporter-output>
        </test-method> <!-- loginWithCorrectUsernameandPassword -->
        <test-method signature="loginWithCorrectUsernameandPassword(java.lang.String,java.lang.String)[pri:0, instance:LoginTestCases.Login@50ad3bc1]" started-at="2022-06-11T20:37:09 IST" name="loginWithCorrectUsernameandPassword" data-provider="Login Data" finished-at="2022-06-11T20:37:12 IST" duration-ms="3097" status="PASS">
          <params>
            <param index="0">
              <value>
                <![CDATA[Admin]]>
              </value>
            </param>
            <param index="1">
              <value>
                <![CDATA[admin1234]]>
              </value>
            </param>
          </params>
          <reporter-output>
          </reporter-output>
        </test-method> <!-- loginWithCorrectUsernameandPassword -->
        <test-method signature="loginWithCorrectUsernameandPassword(java.lang.String,java.lang.String)[pri:0, instance:LoginTestCases.Login@50ad3bc1]" started-at="2022-06-11T20:37:12 IST" name="loginWithCorrectUsernameandPassword" data-provider="Login Data" finished-at="2022-06-11T20:37:14 IST" duration-ms="2023" status="PASS">
          <params>
            <param index="0">
              <value>
                <![CDATA[Admin1]]>
              </value>
            </param>
            <param index="1">
              <value>
                <![CDATA[admin123]]>
              </value>
            </param>
          </params>
          <reporter-output>
          </reporter-output>
        </test-method> <!-- loginWithCorrectUsernameandPassword -->
        <test-method signature="loginWithCorrectUsernameandPassword(java.lang.String,java.lang.String)[pri:0, instance:LoginTestCases.Login@50ad3bc1]" started-at="2022-06-11T20:37:14 IST" name="loginWithCorrectUsernameandPassword" data-provider="Login Data" finished-at="2022-06-11T20:37:16 IST" duration-ms="2066" status="PASS">
          <params>
            <param index="0">
              <value>
                <![CDATA[Admin1]]>
              </value>
            </param>
            <param index="1">
              <value>
                <![CDATA[admin1234]]>
              </value>
            </param>
          </params>
          <reporter-output>
          </reporter-output>
        </test-method> <!-- loginWithCorrectUsernameandPassword -->
        <test-method is-config="true" signature="quit()[pri:0, instance:LoginTestCases.Login@50ad3bc1]" started-at="2022-06-11T20:37:16 IST" name="quit" finished-at="2022-06-11T20:37:16 IST" duration-ms="184" status="PASS">
          <reporter-output>
          </reporter-output>
        </test-method> <!-- quit -->
      </class> <!-- LoginTestCases.Login -->
    </test> <!-- Default test -->
  </suite> <!-- Default suite -->
</testng-results>
